#
# There is insufficient memory for the Java Runtime Environment to continue.
# Native memory allocation (mmap) failed to map 536870912 bytes for G1 virtual space
# Possible reasons:
#   The system is out of physical RAM or swap space
#   The process is running with CompressedOops enabled, and the Java Heap may be blocking the growth of the native heap
# Possible solutions:
#   Reduce memory load on the system
#   Increase physical memory or swap space
#   Check if swap backing store is full
#   Decrease Java heap size (-Xmx/-Xms)
#   Decrease number of Java threads
#   Decrease Java thread stack sizes (-Xss)
#   Set larger code cache with -XX:ReservedCodeCacheSize=
#   JVM is running with Zero Based Compressed Oops mode in which the Java heap is
#     placed in the first 32GB address space. The Java Heap base address is the
#     maximum limit for the native heap growth. Please use -XX:HeapBaseMinAddress
#     to set the Java Heap base and to place the Java Heap above 32GB virtual address.
# This output file may be truncated or incomplete.
#
#  Out of Memory Error (os_windows.cpp:3528), pid=23960, tid=24492
#
# JRE version:  (20.0.1+9) (build )
# Java VM: Java HotSpot(TM) 64-Bit Server VM (20.0.1+9-29, mixed mode, sharing, tiered, compressed oops, compressed class ptrs, g1 gc, windows-amd64)
# No core dump will be written. Minidumps are not enabled by default on client versions of Windows
#

---------------  S U M M A R Y ------------

Command Line: -Dfile.encoding=UTF-8 --module-path=C:\Users\X\Documents\GitHub\span\SPAN\bin -XX:+ShowCodeDetailsInExceptionMessages -Djdk.module.main=SPAN SPAN/com.jloysch.span.SPAN

Host: Intel(R) Core(TM) i9-9880H CPU @ 2.30GHz, 16 cores, 31G,  Windows 10 , 64 bit Build 19041 (10.0.19041.3393)
Time: Wed Sep 13 15:35:38 2023 Eastern Daylight Time elapsed time: 0.164741 seconds (0d 0h 0m 0s)

---------------  T H R E A D  ---------------

Current thread (0x000002d8831a1890):  JavaThread "Unknown thread" [_thread_in_vm, id=24492, stack(0x000000f7e8a00000,0x000000f7e8b00000)]

Stack: [0x000000f7e8a00000,0x000000f7e8b00000]
Native frames: (J=compiled Java code, j=interpreted, Vv=VM code, C=native code)
V  [jvm.dll+0x6bb95a]
V  [jvm.dll+0x8485fa]
V  [jvm.dll+0x84a1f5]
V  [jvm.dll+0x84a8f3]
V  [jvm.dll+0x280b0f]
V  [jvm.dll+0x6b86e9]
V  [jvm.dll+0x6ad2da]
V  [jvm.dll+0x35adf5]
V  [jvm.dll+0x363016]
V  [jvm.dll+0x3b3b3e]
V  [jvm.dll+0x3b3dc5]
V  [jvm.dll+0x32b50a]
V  [jvm.dll+0x32c32b]
V  [jvm.dll+0x8112bf]
V  [jvm.dll+0x3c0d91]
V  [jvm.dll+0x7fcfe3]
V  [jvm.dll+0x44c76f]
V  [jvm.dll+0x44e0e1]
C  [jli.dll+0x5287]
C  [ucrtbase.dll+0x21bb2]
C  [KERNEL32.DLL+0x17344]
C  [ntdll.dll+0x526b1]


---------------  P R O C E S S  ---------------

Threads class SMR info:
_java_thread_list=0x00007ffd9934a098, length=0, elements={
}

Java Threads: ( => current thread )

Other Threads:
  0x000002d883253bc0 WorkerThread "GC Thread#0" [stack: 0x000000f7e8b00000,0x000000f7e8c00000] [id=27216]
  0x000002d883265420 ConcurrentGCThread "G1 Main Marker" [stack: 0x000000f7e8c00000,0x000000f7e8d00000] [id=26068]
  0x000002d883265e50 WorkerThread "G1 Conc#0" [stack: 0x000000f7e8d00000,0x000000f7e8e00000] [id=12568]

[error occurred during error reporting (printing all threads), id 0xc0000005, EXCEPTION_ACCESS_VIOLATION (0xc0000005) at pc=0x00007ffd98b2eb47]
VM state: not at safepoint (not fully initialized)

VM Mutex/Monitor currently owned by a thread:  ([mutex/lock_event])
[0x000002d88319d650] Heap_lock - owner thread: 0x000002d8831a1890

Heap address: 0x0000000601800000, size: 8168 MB, Compressed Oops mode: Zero based, Oop shift amount: 3

CDS archive(s) mapped at: [0x0000000000000000-0x0000000000000000-0x0000000000000000), size 0, SharedBaseAddress: 0x0000000800000000, ArchiveRelocationMode: 0.
Narrow klass base: 0x0000000000000000, Narrow klass shift: 0, Narrow klass range: 0x0

GC Precious Log:
 CardTable entry size: 512
 Card Set container configuration: InlinePtr #cards 4 size 8 Array Of Cards #cards 32 size 80 Howl #buckets 8 coarsen threshold 7372 Howl Bitmap #cards 1024 size 144 coarsen threshold 921 Card regions per heap region 1 cards per card region 8192

Heap:
 garbage-first heap   total 0K, used 0K [0x0000000601800000, 0x0000000800000000)
  region size 4096K, 0 young (0K), 0 survivors (0K)

[error occurred during error reporting (printing heap information), id 0xc0000005, EXCEPTION_ACCESS_VIOLATION (0xc0000005) at pc=0x00007ffd98f03c59]
GC Heap History (0 events):
No events

Dll operation events (1 events):
Event: 0.005 Loaded shared library C:\Program Files\Java\jdk-20\bin\java.dll

Deoptimization events (0 events):
No events

Classes loaded (0 events):
No events

Classes unloaded (0 events):
No events

Classes redefined (0 events):
No events

Internal exceptions (0 events):
No events

VM Operations (0 events):
No events

Events (0 events):
No events


Dynamic libraries:
0x00007ff6029d0000 - 0x00007ff6029e0000 	C:\Program Files\Java\jdk-20\bin\javaw.exe
0x00007ffe2e470000 - 0x00007ffe2e668000 	C:\Windows\SYSTEM32\ntdll.dll
0x00007ffe05c30000 - 0x00007ffe05c49000 	C:\Program Files\Avast Software\Avast\aswhook.dll
0x00007ffe2c6c0000 - 0x00007ffe2c77d000 	C:\Windows\System32\KERNEL32.DLL
0x00007ffe2bdb0000 - 0x00007ffe2c0a6000 	C:\Windows\System32\KERNELBASE.dll
0x00007ffe2c200000 - 0x00007ffe2c300000 	C:\Windows\System32\ucrtbase.dll
0x00007ffe0f850000 - 0x00007ffe0f86b000 	C:\Program Files\Java\jdk-20\bin\VCRUNTIME140.dll
0x00007ffe25c30000 - 0x00007ffe25c49000 	C:\Program Files\Java\jdk-20\bin\jli.dll
0x00007ffe2e310000 - 0x00007ffe2e3be000 	C:\Windows\System32\ADVAPI32.dll
0x00007ffe2d800000 - 0x00007ffe2d89e000 	C:\Windows\System32\msvcrt.dll
0x00007ffe2cd00000 - 0x00007ffe2cd9c000 	C:\Windows\System32\sechost.dll
0x00007ffe2e1e0000 - 0x00007ffe2e306000 	C:\Windows\System32\RPCRT4.dll
0x00007ffe2c780000 - 0x00007ffe2c91e000 	C:\Windows\System32\USER32.dll
0x00007ffe10190000 - 0x00007ffe1042a000 	C:\Windows\WinSxS\amd64_microsoft.windows.common-controls_6595b64144ccf1df_6.0.19041.1110_none_60b5254171f9507e\COMCTL32.dll
0x00007ffe2c300000 - 0x00007ffe2c322000 	C:\Windows\System32\win32u.dll
0x00007ffe2cb20000 - 0x00007ffe2cb4c000 	C:\Windows\System32\GDI32.dll
0x00007ffe2c3b0000 - 0x00007ffe2c4ca000 	C:\Windows\System32\gdi32full.dll
0x00007ffe2c160000 - 0x00007ffe2c1fd000 	C:\Windows\System32\msvcp_win.dll
0x00007ffe21320000 - 0x00007ffe2132a000 	C:\Windows\SYSTEM32\VERSION.dll
0x00007ffe2c9d0000 - 0x00007ffe2ca00000 	C:\Windows\System32\IMM32.DLL
0x00007ffe25c20000 - 0x00007ffe25c2c000 	C:\Program Files\Java\jdk-20\bin\vcruntime140_1.dll
0x00007ffd94880000 - 0x00007ffd9490e000 	C:\Program Files\Java\jdk-20\bin\msvcp140.dll
0x00007ffd987f0000 - 0x00007ffd99487000 	C:\Program Files\Java\jdk-20\bin\server\jvm.dll
0x00007ffe1f030000 - 0x00007ffe1f039000 	C:\Windows\SYSTEM32\WSOCK32.dll
0x00007ffe1f360000 - 0x00007ffe1f387000 	C:\Windows\SYSTEM32\WINMM.dll
0x00007ffe2cdc0000 - 0x00007ffe2ce2b000 	C:\Windows\System32\WS2_32.dll
0x00007ffe299a0000 - 0x00007ffe299b2000 	C:\Windows\SYSTEM32\kernel.appcore.dll
0x00007ffe21230000 - 0x00007ffe2123a000 	C:\Program Files\Java\jdk-20\bin\jimage.dll
0x00007ffe24120000 - 0x00007ffe24304000 	C:\Windows\SYSTEM32\DBGHELP.DLL
0x00007ffe21270000 - 0x00007ffe212a4000 	C:\Windows\SYSTEM32\dbgcore.DLL
0x00007ffe2bb50000 - 0x00007ffe2bbd2000 	C:\Windows\System32\bcryptPrimitives.dll
0x00007ffe20140000 - 0x00007ffe20166000 	C:\Program Files\Java\jdk-20\bin\java.dll

dbghelp: loaded successfully - version: 4.0.5 - missing functions: none
symbol engine: initialized successfully - sym options: 0x614 - pdb path: .;C:\Program Files\Java\jdk-20\bin;C:\Windows\SYSTEM32;C:\Program Files\Avast Software\Avast;C:\Windows\WinSxS\amd64_microsoft.windows.common-controls_6595b64144ccf1df_6.0.19041.1110_none_60b5254171f9507e;C:\Program Files\Java\jdk-20\bin\server

VM Arguments:
jvm_args: -Dfile.encoding=UTF-8 --module-path=C:\Users\X\Documents\GitHub\span\SPAN\bin -XX:+ShowCodeDetailsInExceptionMessages -Djdk.module.main=SPAN 
java_command: SPAN/com.jloysch.span.SPAN
java_class_path (initial): <not set>
Launcher Type: SUN_STANDARD

[Global flags]
     intx CICompilerCount                          = 12                                        {product} {ergonomic}
     uint ConcGCThreads                            = 3                                         {product} {ergonomic}
     uint G1ConcRefinementThreads                  = 13                                        {product} {ergonomic}
   size_t G1HeapRegionSize                         = 4194304                                   {product} {ergonomic}
    uintx GCDrainStackTargetSize                   = 64                                        {product} {ergonomic}
   size_t InitialHeapSize                          = 536870912                                 {product} {ergonomic}
   size_t MarkStackSize                            = 4194304                                   {product} {ergonomic}
   size_t MaxHeapSize                              = 8564768768                                {product} {ergonomic}
   size_t MinHeapDeltaBytes                        = 4194304                                   {product} {ergonomic}
   size_t MinHeapSize                              = 8388608                                   {product} {ergonomic}
    uintx NonNMethodCodeHeapSize                   = 7602480                                {pd product} {ergonomic}
    uintx NonProfiledCodeHeapSize                  = 122027880                              {pd product} {ergonomic}
    uintx ProfiledCodeHeapSize                     = 122027880                              {pd product} {ergonomic}
    uintx ReservedCodeCacheSize                    = 251658240                              {pd product} {ergonomic}
     bool SegmentedCodeCache                       = true                                      {product} {ergonomic}
     bool ShowCodeDetailsInExceptionMessages       = true                                   {manageable} {command line}
   size_t SoftMaxHeapSize                          = 8564768768                             {manageable} {ergonomic}
     bool UseCompressedClassPointers               = true                           {product lp64_product} {ergonomic}
     bool UseCompressedOops                        = true                           {product lp64_product} {ergonomic}
     bool UseG1GC                                  = true                                      {product} {ergonomic}
     bool UseLargePagesIndividualAllocation        = false                                  {pd product} {ergonomic}

Logging:
Log output configuration:
 #0: stdout all=warning uptime,level,tags foldmultilines=false
 #1: stderr all=off uptime,level,tags foldmultilines=false

Environment Variables:
JAVA_HOME=C:\Program Files\Eclipse Adoptium\jre-8.0.372.7-hotspot\
PATH=C:/Program Files/Java/jdk-20/bin/server;C:/Program Files/Java/jdk-20/bin;C:\Program Files\Eclipse Adoptium\jdk-8.0.382.5-hotspot\bin;C:\Program Files\Eclipse Adoptium\jre-8.0.372.7-hotspot\bin;C:\Program Files\Microsoft\jdk-11.0.16.101-hotspot\bin;C:\Python311\Scripts\;C:\Python311\;C:\Program Files\Common Files\Oracle\Java\javapath;C:\Program Files (x86)\Common Files\Oracle\Java\javapath;C:\Program Files (x86)\Intel\Intel(R) Management Engine Components\iCLS\;C:\Program Files\Intel\Intel(R) Management Engine Components\iCLS\;C:\Windows\system32;C:\Windows;C:\Windows\System32\Wbem;C:\Windows\System32\WindowsPowerShell\v1.0\;C:\Windows\System32\OpenSSH\;C:\Program Files\Git\cmd;C:\Program Files\nodejs\;C:\ProgramData\chocolatey\bin;C:\Program Files\Microsoft SQL Server\150\Tools\Binn\;C:\Program Files\Microsoft SQL Server\Client SDK\ODBC\170\Tools\Binn\;C:\Program Files\dotnet\;C:\Users\X\AppData\Local\Microsoft\WindowsApps;C:\Users\X\AppData\Local\Programs\Microsoft VS Code\bin;C:\Users\X\AppData\Local\GitHubDesktop\bin;C:\Users\X\AppData\Roaming\npm;C:\Users\X\.dotnet\tools;C:\Users\X\Desktop;
USERNAME=X
OS=Windows_NT
PROCESSOR_IDENTIFIER=Intel64 Family 6 Model 158 Stepping 13, GenuineIntel
TMP=C:\Users\X\AppData\Local\Temp
TEMP=C:\Users\X\AppData\Local\Temp




---------------  S Y S T E M  ---------------

OS:
 Windows 10 , 64 bit Build 19041 (10.0.19041.3393)
OS uptime: 0 days 10:53 hours
Hyper-V role detected

CPU: total 16 (initial active 16) (8 cores per cpu, 2 threads per core) family 6 model 158 stepping 13 microcode 0xf4, cx8, cmov, fxsr, ht, mmx, 3dnowpref, sse, sse2, sse3, ssse3, sse4.1, sse4.2, popcnt, lzcnt, tsc, tscinvbit, avx, avx2, aes, erms, clmul, bmi1, bmi2, adx, fma, vzeroupper, clflush, clflushopt, hv, rdtscp, f16c

Memory: 4k page, system-wide physical 32662M (16332M free)
TotalPageFile size 61192M (AvailPageFile size 31M)
current process WorkingSet (physical memory assigned to process): 10M, peak: 10M
current process commit charge ("private bytes"): 71M, peak: 583M

vm_info: Java HotSpot(TM) 64-Bit Server VM (20.0.1+9-29) for windows-amd64 JRE (20.0.1+9-29), built on 2023-03-07T13:56:11Z by "mach5one" with MS VC++ 17.1 (VS2022)

END.
